make all --print-data-base --no-builtin-variables --no-builtin-rules --question
# GNU Make 3.81
# Copyright (C) 2006  Free Software Foundation, Inc.
# This is free software; see the source for copying conditions.
# There is NO warranty; not even for MERCHANTABILITY or FITNESS FOR A
# PARTICULAR PURPOSE.

# This program built for i386-apple-darwin11.3.0
 

# Make data base, printed on Tue Jul  5 16:37:19 2022

# Variables

# automatic
<D = $(patsubst %/,%,$(dir $<))
# automatic
?F = $(notdir $?)
# environment
VSCODE_LOG_NATIVE = false
# automatic
?D = $(patsubst %/,%,$(dir $?))
# automatic
@D = $(patsubst %/,%,$(dir $@))
# automatic
@F = $(notdir $@)
# makefile
CURDIR := /Users/karl.webster/Documents/git/personal/terradoc
# makefile
SHELL = /bin/sh
# environment
VSCODE_NLS_CONFIG = {"locale":"en-gb","availableLanguages":{},"_languagePackSupport":true}
# environment
_ = /usr/bin/make
# makefile (from `makefile', line 1)
MAKEFILE_LIST :=  makefile
# environment
VSCODE_VERBOSE_LOGGING = true
# environment
__CFBundleIdentifier = com.microsoft.VSCode
# environment
P9K_SSH = 0
# environment
VSCODE_IPC_HOOK_EXTHOST = /var/folders/rz/n69dbt850bs3_68tgm6xy0kj3yms5n/T/vscode-ipc-dd787a0c-6144-4c36-a58c-219710df8d69.sock
# environment
VSCODE_CWD = /
# environment
PATH = ~/go/bin/:/opt/homebrew/bin:/usr/local/bin:/usr/bin:/bin:/usr/sbin:/sbin:/usr/local/MacGPG2/bin:/opt/homebrew/opt/fzf/bin
# makefile (from `makefile', line 2)
cross = $(shell echo "\033[0;31m✗\033[0m")
# environment
LSCOLORS = Gxfxcxdxbxegedabagacad
# environment
VSCODE_LOG_STACK = false
# environment
ELECTRON_RUN_AS_NODE = 1
# default
.FEATURES := target-specific order-only second-expansion else-if archives jobserver check-symlink
# environment
SSH_AUTH_SOCK = /private/tmp/com.apple.launchd.EcHOyl6Vts/Listeners
# makefile (from `makefile', line 7)
ccgreen = $(shell echo "\033[32m")
# automatic
%F = $(notdir $%)
# environment
GODEBUG = asyncpreemptoff=1
# environment
VSCODE_PIPE_LOGGING = true
# environment
PWD = /Users/karl.webster/Documents/git/personal/terradoc
# makefile (from `makefile', line 6)
ccdim = $(shell echo "\033[2m")
# environment
ORIGINAL_XDG_CURRENT_DESKTOP = undefined
# environment
VSCODE_AMD_ENTRYPOINT = vs/workbench/api/node/extensionHostProcess
# environment
HOME = /Users/karl.webster
# default
MAKEFILEPATH = $(shell /usr/bin/xcode-select -print-path 2>/dev/null || echo /Developer)/Makefiles
# environment
VSCODE_CODE_CACHE_PATH = /Users/karl.webster/Library/Application Support/Code/CachedData/30d9c6cd9483b2cc586687151bcbcd635f373630
# environment
LOGNAME = karl.webster
# environment
APPLICATION_INSIGHTS_NO_DIAGNOSTIC_CHANNEL = 1
# environment
ZSH = /Users/karl.webster/.oh-my-zsh
# environment
VSCODE_HANDLES_UNCAUGHT_ERRORS = true
# automatic
^D = $(patsubst %/,%,$(dir $^))
# makefile (from `makefile', line 5)
line = $(shell printf '%*s\n' "$${1:-$$(tput cols)}" '' | tr ' ' -)
# environment
XPC_FLAGS = 0x0
# default
MAKE = $(MAKE_COMMAND)
# default
MAKECMDGOALS := all
# environment
SHLVL = 1
# default
MAKE_VERSION := 3.81
# environment
USER = karl.webster
# makefile
.DEFAULT_GOAL := help
# environment
LESS = -R
# automatic
%D = $(patsubst %/,%,$(dir $%))
# environment
ZSH_THEME = gozilla
# default
MAKE_COMMAND := /Library/Developer/CommandLineTools/usr/bin/make
# makefile (from `makefile', line 1)
ccend = $(shell echo "\033[0m")
# default
.VARIABLES := 
# environment
TMPDIR = /var/folders/rz/n69dbt850bs3_68tgm6xy0kj3yms5n/T/
# automatic
*F = $(notdir $*)
# environment
VSCODE_IPC_HOOK = /Users/karl.webster/Library/Application Support/Code/1.68.1-main.sock
# makefile
MAKEFLAGS = Rrqp
# makefile (from `makefile', line 4)
warn = $(shell echo "\033[0;33m⚠\033[0m")
# environment
MFLAGS = -Rrqp
# automatic
*D = $(patsubst %/,%,$(dir $*))
# environment
XPC_SERVICE_NAME = application.com.microsoft.VSCode.21039901.21039907
# automatic
+D = $(patsubst %/,%,$(dir $+))
# automatic
+F = $(notdir $+)
# environment
__CF_USER_TEXT_ENCODING = 0x47EA64B5:0:2
# environment
COMMAND_MODE = unix2003
# default
MAKEFILES := 
# environment
KUBE_terradoc_dir = /Users/karl.webster/.kube/config
# automatic
<F = $(notdir $<)
# environment
PAGER = less
# environment
LC_ALL = C
# automatic
^F = $(notdir $^)
# makefile (from `makefile', line 3)
check = $(shell echo "\033[0;32m✔\033[0m")
# default
SUFFIXES := 
# default
.INCLUDE_DIRS = /usr/local/include
# environment
MAKELEVEL := 0
# environment
GPG_TTY = 
# environment
LANG = C
# environment
TERM = xterm-256color
# environment
VSCODE_PID = 11005
# variable set hash-table stats:
# Load=79/1024=8%, Rehash=0, Collisions=1/106=1%

# Pattern-specific Variable Values

# No pattern-specific variable values.

# Directories

# . (device 16777234, inode 22298803): 17 files, no impossibilities.

# 17 files, no impossibilities in 1 directories.

# Implicit Rules

# No implicit rules.

# Files

.PHONEY: help
#  Implicit rule search has not been done.
#  Modification time never checked.
#  File has not been updated.

all: help
#  Phony target (prerequisite of .PHONY).
#  Command-line target.
#  Implicit rule search has not been done.
#  File does not exist.
#  File has been updated.
#  Needs to be updated (-q is set).
# variable set hash-table stats:
# Load=0/32=0%, Rehash=0, Collisions=0/3=0%

.PHONY: all venv run
#  Implicit rule search has not been done.
#  Modification time never checked.
#  File has not been updated.

# Not a target:
.SUFFIXES:
#  Implicit rule search has not been done.
#  Modification time never checked.
#  File has not been updated.

# Not a target:
makefile:
#  Implicit rule search has been done.
#  Last modified 2022-07-01 13:26:23
#  File has been updated.
#  Successfully updated.
# variable set hash-table stats:
# Load=0/32=0%, Rehash=0, Collisions=0/0=0%

help:
#  Implicit rule search has not been done.
#  Implicit/static pattern stem: `'
#  File does not exist.
#  File has been updated.
#  Needs to be updated (-q is set).
# automatic
# @ := help
# automatic
# % := 
# automatic
# * := 
# automatic
# + := 
# automatic
# | := 
# automatic
# < := 
# automatic
# ^ := 
# automatic
# ? := 
# variable set hash-table stats:
# Load=8/32=25%, Rehash=0, Collisions=1/11=9%
#  commands to execute (from `makefile', line 12):
	@echo "$$(tput bold)Available rules:$$(tput sgr0)";sed -ne"/^## /{h;s/.*//;:d" -e"H;n;s/^## //;td" -e"s/:.*//;G;s/\\n## /---/;s/\\n/ /g;p;}" ${MAKEFILE_LIST}|LC_ALL='C' sort -f|awk -F --- -v n=$$(tput cols) -v i=19 -v a="$$(tput setaf 6)" -v z="$$(tput sgr0)" '{printf"%s%*s%s ",a,-i,$$1,z;m=split($$2,w," ");l=n-i;for(j=1;j<=m;j++){l-=length(w[j])+1;if(l<= 0){l=n-i-length(w[j])-1;printf"\n%*s ",-i," ";}printf"%s ",w[j];}printf"\n";}'
	

# Not a target:
.DEFAULT:
#  Implicit rule search has not been done.
#  Modification time never checked.
#  File has not been updated.

run:
#  Phony target (prerequisite of .PHONY).
#  Implicit rule search has not been done.
#  File does not exist.
#  File has not been updated.
#  commands to execute (from `makefile', line 25):
	terradoc
	

venv:
#  Phony target (prerequisite of .PHONY).
#  Implicit rule search has not been done.
#  File does not exist.
#  File has not been updated.
#  commands to execute (from `makefile', line 20):
	python3 -m venv .env
	

# files hash-table stats:
# Load=9/1024=1%, Rehash=0, Collisions=0/30=0%
# VPATH Search Paths

# No `vpath' search paths.

# No general (`VPATH' variable) search path.

# # of strings in strcache: 1
# # of strcache buffers: 1
# strcache size: total = 4096 / max = 4096 / min = 4096 / avg = 4096
# strcache free: total = 4087 / max = 4087 / min = 4087 / avg = 4087

# Finished Make data base on Tue Jul  5 16:37:19 2022

 
